<?xml version="1.0" encoding="UTF-8"?>
<!-- Generated by org.testng.reporters.JUnitXMLReporter -->
<testsuite hostname="hp" ignored="0" name="Default test" tests="3" failures="0" timestamp="2021-03-18T03:37:23 IST" time="18.968" errors="0">
  <testcase name="verifyLoginButtonIsPresent" time="0.071" classname="com.qa.test.loginTest"/>
  <testcase name="verifyTitle" time="0.012" classname="com.qa.test.loginTest"/>
  <testcase name="verifyWhetherTextIsAvailaible" time="0.059" classname="com.qa.test.loginTest"/>
</testsuite> <!-- Default test -->
