<?xml version="1.0" encoding="UTF-8"?>
<testng-results skipped="0" failed="0" ignored="0" total="3" passed="3">
  <reporter-output>
  </reporter-output>
  <suite name="Default suite" duration-ms="18968" started-at="2021-03-18T03:37:04 IST" finished-at="2021-03-18T03:37:23 IST">
    <groups>
    </groups>
    <test name="Default test" duration-ms="18968" started-at="2021-03-18T03:37:04 IST" finished-at="2021-03-18T03:37:23 IST">
      <class name="com.qa.test.loginTest">
        <test-method status="PASS" signature="setup()[pri:0, instance:com.qa.test.loginTest@7a187f14]" name="setup" is-config="true" duration-ms="17793" started-at="2021-03-18T03:37:04 IST" finished-at="2021-03-18T03:37:22 IST">
          <reporter-output>
          </reporter-output>
        </test-method> <!-- setup -->
        <test-method status="PASS" signature="verifyLoginButtonIsPresent()[pri:0, instance:com.qa.test.loginTest@7a187f14]" name="verifyLoginButtonIsPresent" duration-ms="71" started-at="2021-03-18T03:37:22 IST" finished-at="2021-03-18T03:37:22 IST">
          <reporter-output>
          </reporter-output>
        </test-method> <!-- verifyLoginButtonIsPresent -->
        <test-method status="PASS" signature="verifyTitle()[pri:0, instance:com.qa.test.loginTest@7a187f14]" name="verifyTitle" duration-ms="12" started-at="2021-03-18T03:37:22 IST" finished-at="2021-03-18T03:37:22 IST">
          <reporter-output>
          </reporter-output>
        </test-method> <!-- verifyTitle -->
        <test-method status="PASS" signature="verifyWhetherTextIsAvailaible()[pri:0, instance:com.qa.test.loginTest@7a187f14]" name="verifyWhetherTextIsAvailaible" duration-ms="59" started-at="2021-03-18T03:37:22 IST" finished-at="2021-03-18T03:37:22 IST">
          <reporter-output>
          </reporter-output>
        </test-method> <!-- verifyWhetherTextIsAvailaible -->
        <test-method status="PASS" signature="quitTest()[pri:0, instance:com.qa.test.loginTest@7a187f14]" name="quitTest" is-config="true" duration-ms="987" started-at="2021-03-18T03:37:22 IST" finished-at="2021-03-18T03:37:23 IST">
          <reporter-output>
          </reporter-output>
        </test-method> <!-- quitTest -->
      </class> <!-- com.qa.test.loginTest -->
    </test> <!-- Default test -->
  </suite> <!-- Default suite -->
</testng-results>
